Starting Kafka Producer. Sending to topic: weather_data
Message delivered to weather_data [0]
Message delivered to weather_data [0]
Message delivered to weather_data [0]
Message delivered to weather_data [0]
Message delivered to weather_data [0]
Batch complete. Waiting 10 minutes for next FMI update...
Message delivered to weather_data [0]
Message delivered to weather_data [0]
Message delivered to weather_data [0]
Message delivered to weather_data [0]
Message delivered to weather_data [0]
Batch complete. Waiting 10 minutes for next FMI update...
Message delivered to weather_data [0]
Message delivered to weather_data [0]
Message delivered to weather_data [0]
Message delivered to weather_data [0]
Message delivered to weather_data [0]
Batch complete. Waiting 10 minutes for next FMI update...
Message delivered to weather_data [0]
Message delivered to weather_data [0]
Message delivered to weather_data [0]
Message delivered to weather_data [0]
Message delivered to weather_data [0]
Batch complete. Waiting 10 minutes for next FMI update...
Message delivered to weather_data [0]
Message delivered to weather_data [0]
Message delivered to weather_data [0]
Message delivered to weather_data [0]
Message delivered to weather_data [0]
Batch complete. Waiting 10 minutes for next FMI update...
Message delivered to weather_data [0]
Message delivered to weather_data [0]
Message delivered to weather_data [0]
Message delivered to weather_data [0]
Message delivered to weather_data [0]
Batch complete. Waiting 10 minutes for next FMI update...
Message delivered to weather_data [0]
Message delivered to weather_data [0]
Message delivered to weather_data [0]
Message delivered to weather_data [0]
Message delivered to weather_data [0]
Batch complete. Waiting 10 minutes for next FMI update...
Message delivered to weather_data [0]
Message delivered to weather_data [0]
Message delivered to weather_data [0]
Message delivered to weather_data [0]
Message delivered to weather_data [0]
Batch complete. Waiting 10 minutes for next FMI update...
Message delivered to weather_data [0]
Message delivered to weather_data [0]
Message delivered to weather_data [0]
Message delivered to weather_data [0]
Message delivered to weather_data [0]
Batch complete. Waiting 10 minutes for next FMI update...
Message delivered to weather_data [0]
Message delivered to weather_data [0]
Message delivered to weather_data [0]
Message delivered to weather_data [0]
Message delivered to weather_data [0]
Batch complete. Waiting 10 minutes for next FMI update...
Message delivered to weather_data [0]
Message delivered to weather_data [0]
Message delivered to weather_data [0]
Message delivered to weather_data [0]
Message delivered to weather_data [0]
Batch complete. Waiting 10 minutes for next FMI update...
Message delivered to weather_data [0]
Message delivered to weather_data [0]
Message delivered to weather_data [0]
Message delivered to weather_data [0]
Message delivered to weather_data [0]
Batch complete. Waiting 10 minutes for next FMI update...
Message delivered to weather_data [0]
Message delivered to weather_data [0]
Message delivered to weather_data [0]
Message delivered to weather_data [0]
Message delivered to weather_data [0]
Batch complete. Waiting 10 minutes for next FMI update...
Message delivered to weather_data [0]
Message delivered to weather_data [0]
Message delivered to weather_data [0]
Message delivered to weather_data [0]
Message delivered to weather_data [0]
Batch complete. Waiting 10 minutes for next FMI update...
Message delivered to weather_data [0]
Message delivered to weather_data [0]
Message delivered to weather_data [0]
Message delivered to weather_data [0]
Message delivered to weather_data [0]
Batch complete. Waiting 10 minutes for next FMI update...
Message delivered to weather_data [0]
Message delivered to weather_data [0]
Message delivered to weather_data [0]
Message delivered to weather_data [0]
Message delivered to weather_data [0]
Batch complete. Waiting 10 minutes for next FMI update...
Message delivered to weather_data [0]
Message delivered to weather_data [0]
Message delivered to weather_data [0]
Message delivered to weather_data [0]
Message delivered to weather_data [0]
Batch complete. Waiting 10 minutes for next FMI update...
Message delivered to weather_data [0]
Message delivered to weather_data [0]
Message delivered to weather_data [0]
Message delivered to weather_data [0]
Message delivered to weather_data [0]
Batch complete. Waiting 10 minutes for next FMI update...
Message delivered to weather_data [0]
Message delivered to weather_data [0]
Message delivered to weather_data [0]
Message delivered to weather_data [0]
Message delivered to weather_data [0]
Batch complete. Waiting 10 minutes for next FMI update...
Message delivered to weather_data [0]
Message delivered to weather_data [0]
Message delivered to weather_data [0]
Message delivered to weather_data [0]
Message delivered to weather_data [0]
Batch complete. Waiting 10 minutes for next FMI update...
Message delivered to weather_data [0]
Message delivered to weather_data [0]
Message delivered to weather_data [0]
Message delivered to weather_data [0]
Message delivered to weather_data [0]
Batch complete. Waiting 10 minutes for next FMI update...
Message delivered to weather_data [0]
Message delivered to weather_data [0]
Message delivered to weather_data [0]
Message delivered to weather_data [0]
Message delivered to weather_data [0]
Batch complete. Waiting 10 minutes for next FMI update...
Message delivered to weather_data [0]
Message delivered to weather_data [0]
Message delivered to weather_data [0]
Message delivered to weather_data [0]
Message delivered to weather_data [0]
Batch complete. Waiting 10 minutes for next FMI update...
Message delivered to weather_data [0]
Message delivered to weather_data [0]
Message delivered to weather_data [0]
Message delivered to weather_data [0]
Message delivered to weather_data [0]
Batch complete. Waiting 10 minutes for next FMI update...
Message delivered to weather_data [0]
Message delivered to weather_data [0]
Message delivered to weather_data [0]
Message delivered to weather_data [0]
Message delivered to weather_data [0]
Batch complete. Waiting 10 minutes for next FMI update...
Message delivered to weather_data [0]
Message delivered to weather_data [0]
Message delivered to weather_data [0]
Message delivered to weather_data [0]
Message delivered to weather_data [0]
Batch complete. Waiting 10 minutes for next FMI update...
Message delivered to weather_data [0]
Message delivered to weather_data [0]
Message delivered to weather_data [0]
Message delivered to weather_data [0]
Message delivered to weather_data [0]
Batch complete. Waiting 10 minutes for next FMI update...
Message delivered to weather_data [0]
Message delivered to weather_data [0]
Message delivered to weather_data [0]
Message delivered to weather_data [0]
Message delivered to weather_data [0]
Batch complete. Waiting 10 minutes for next FMI update...
Message delivered to weather_data [0]
Message delivered to weather_data [0]
Message delivered to weather_data [0]
Message delivered to weather_data [0]
Message delivered to weather_data [0]
Batch complete. Waiting 10 minutes for next FMI update...
Message delivered to weather_data [0]
Message delivered to weather_data [0]
Message delivered to weather_data [0]
Message delivered to weather_data [0]
Message delivered to weather_data [0]
Batch complete. Waiting 10 minutes for next FMI update...
Message delivered to weather_data [0]
Message delivered to weather_data [0]
Message delivered to weather_data [0]
Message delivered to weather_data [0]
Message delivered to weather_data [0]
Batch complete. Waiting 10 minutes for next FMI update...
Message delivered to weather_data [0]
Message delivered to weather_data [0]
Message delivered to weather_data [0]
Message delivered to weather_data [0]
Message delivered to weather_data [0]
Batch complete. Waiting 10 minutes for next FMI update...
Message delivered to weather_data [0]
Message delivered to weather_data [0]
Message delivered to weather_data [0]
Message delivered to weather_data [0]
Message delivered to weather_data [0]
Batch complete. Waiting 10 minutes for next FMI update...
Message delivered to weather_data [0]
Message delivered to weather_data [0]
Message delivered to weather_data [0]
Message delivered to weather_data [0]
Message delivered to weather_data [0]
Batch complete. Waiting 10 minutes for next FMI update...
Message delivered to weather_data [0]
Message delivered to weather_data [0]
Message delivered to weather_data [0]
Message delivered to weather_data [0]
Message delivered to weather_data [0]
Batch complete. Waiting 10 minutes for next FMI update...
Message delivered to weather_data [0]
Message delivered to weather_data [0]
Message delivered to weather_data [0]
Message delivered to weather_data [0]
Message delivered to weather_data [0]
Batch complete. Waiting 10 minutes for next FMI update...
Message delivered to weather_data [0]
Message delivered to weather_data [0]
Message delivered to weather_data [0]
Message delivered to weather_data [0]
Message delivered to weather_data [0]
Batch complete. Waiting 10 minutes for next FMI update...
Message delivered to weather_data [0]
Message delivered to weather_data [0]
Message delivered to weather_data [0]
Message delivered to weather_data [0]
Message delivered to weather_data [0]
Batch complete. Waiting 10 minutes for next FMI update...
Message delivered to weather_data [0]
Message delivered to weather_data [0]
Message delivered to weather_data [0]
Message delivered to weather_data [0]
Message delivered to weather_data [0]
Batch complete. Waiting 10 minutes for next FMI update...
Message delivered to weather_data [0]
Message delivered to weather_data [0]
Message delivered to weather_data [0]
Message delivered to weather_data [0]
Message delivered to weather_data [0]
Batch complete. Waiting 10 minutes for next FMI update...
Message delivered to weather_data [0]
Message delivered to weather_data [0]
Message delivered to weather_data [0]
Message delivered to weather_data [0]
Message delivered to weather_data [0]
Batch complete. Waiting 10 minutes for next FMI update...
Message delivered to weather_data [0]
Message delivered to weather_data [0]
Message delivered to weather_data [0]
Message delivered to weather_data [0]
Message delivered to weather_data [0]
Batch complete. Waiting 10 minutes for next FMI update...
Message delivered to weather_data [0]
Message delivered to weather_data [0]
Message delivered to weather_data [0]
Message delivered to weather_data [0]
Message delivered to weather_data [0]
Batch complete. Waiting 10 minutes for next FMI update...
Message delivered to weather_data [0]
Message delivered to weather_data [0]
Message delivered to weather_data [0]
Message delivered to weather_data [0]
Message delivered to weather_data [0]
Batch complete. Waiting 10 minutes for next FMI update...
Message delivered to weather_data [0]
Message delivered to weather_data [0]
Message delivered to weather_data [0]
Message delivered to weather_data [0]
Message delivered to weather_data [0]
Batch complete. Waiting 10 minutes for next FMI update...
Message delivered to weather_data [0]
Message delivered to weather_data [0]
Message delivered to weather_data [0]
Message delivered to weather_data [0]
Message delivered to weather_data [0]
Batch complete. Waiting 10 minutes for next FMI update...
Message delivered to weather_data [0]
Message delivered to weather_data [0]
Message delivered to weather_data [0]
Message delivered to weather_data [0]
Message delivered to weather_data [0]
Batch complete. Waiting 10 minutes for next FMI update...
Message delivered to weather_data [0]
Message delivered to weather_data [0]
Message delivered to weather_data [0]
Message delivered to weather_data [0]
Message delivered to weather_data [0]
Batch complete. Waiting 10 minutes for next FMI update...
Message delivered to weather_data [0]
Message delivered to weather_data [0]
Message delivered to weather_data [0]
Message delivered to weather_data [0]
Message delivered to weather_data [0]
Batch complete. Waiting 10 minutes for next FMI update...
Message delivered to weather_data [0]
Message delivered to weather_data [0]
Message delivered to weather_data [0]
Message delivered to weather_data [0]
Message delivered to weather_data [0]
Batch complete. Waiting 10 minutes for next FMI update...
Message delivered to weather_data [0]
Message delivered to weather_data [0]
Message delivered to weather_data [0]
Message delivered to weather_data [0]
Message delivered to weather_data [0]
Batch complete. Waiting 10 minutes for next FMI update...
Message delivered to weather_data [0]
Message delivered to weather_data [0]
Message delivered to weather_data [0]
Message delivered to weather_data [0]
Message delivered to weather_data [0]
Batch complete. Waiting 10 minutes for next FMI update...
Message delivered to weather_data [0]
Message delivered to weather_data [0]
Message delivered to weather_data [0]
Message delivered to weather_data [0]
Message delivered to weather_data [0]
Batch complete. Waiting 10 minutes for next FMI update...
Message delivered to weather_data [0]
Message delivered to weather_data [0]
Message delivered to weather_data [0]
Message delivered to weather_data [0]
Message delivered to weather_data [0]
Batch complete. Waiting 10 minutes for next FMI update...
Message delivered to weather_data [0]
Message delivered to weather_data [0]
Message delivered to weather_data [0]
Message delivered to weather_data [0]
Message delivered to weather_data [0]
Batch complete. Waiting 10 minutes for next FMI update...
Message delivered to weather_data [0]
Message delivered to weather_data [0]
Message delivered to weather_data [0]
Message delivered to weather_data [0]
Message delivered to weather_data [0]
Batch complete. Waiting 10 minutes for next FMI update...
Message delivered to weather_data [0]
Message delivered to weather_data [0]
Message delivered to weather_data [0]
Message delivered to weather_data [0]
Message delivered to weather_data [0]
Batch complete. Waiting 10 minutes for next FMI update...
Message delivered to weather_data [0]
Message delivered to weather_data [0]
Message delivered to weather_data [0]
Message delivered to weather_data [0]
Message delivered to weather_data [0]
Batch complete. Waiting 10 minutes for next FMI update...
Message delivered to weather_data [0]
Message delivered to weather_data [0]
Message delivered to weather_data [0]
Message delivered to weather_data [0]
Message delivered to weather_data [0]
Batch complete. Waiting 10 minutes for next FMI update...
Message delivered to weather_data [0]
Message delivered to weather_data [0]
Message delivered to weather_data [0]
Message delivered to weather_data [0]
Message delivered to weather_data [0]
Batch complete. Waiting 10 minutes for next FMI update...
Message delivered to weather_data [0]
Message delivered to weather_data [0]
Message delivered to weather_data [0]
Message delivered to weather_data [0]
Message delivered to weather_data [0]
Batch complete. Waiting 10 minutes for next FMI update...
Message delivered to weather_data [0]
Message delivered to weather_data [0]
Message delivered to weather_data [0]
Message delivered to weather_data [0]
Message delivered to weather_data [0]
Batch complete. Waiting 10 minutes for next FMI update...
Message delivered to weather_data [0]
Message delivered to weather_data [0]
Message delivered to weather_data [0]
Message delivered to weather_data [0]
Message delivered to weather_data [0]
Batch complete. Waiting 10 minutes for next FMI update...
Message delivered to weather_data [0]
Message delivered to weather_data [0]
Message delivered to weather_data [0]
Message delivered to weather_data [0]
Message delivered to weather_data [0]
Batch complete. Waiting 10 minutes for next FMI update...
Message delivered to weather_data [0]
Message delivered to weather_data [0]
Message delivered to weather_data [0]
Message delivered to weather_data [0]
Message delivered to weather_data [0]
Batch complete. Waiting 10 minutes for next FMI update...
Message delivered to weather_data [0]
Message delivered to weather_data [0]
Message delivered to weather_data [0]
Message delivered to weather_data [0]
Message delivered to weather_data [0]
%3|1767617218.999|FAIL|rdkafka#producer-1| [thrd:localhost:9092/bootstrap]: localhost:9092/bootstrap: Connect to ipv4#127.0.0.1:9092 failed: Connection refused (after 0ms in state CONNECT)
%3|1767617219.999|FAIL|rdkafka#producer-1| [thrd:127.0.0.1:9092/0]: 127.0.0.1:9092/0: Connect to ipv4#127.0.0.1:9092 failed: Connection refused (after 0ms in state CONNECT)
%3|1767617221.000|FAIL|rdkafka#producer-1| [thrd:localhost:9092/bootstrap]: localhost:9092/bootstrap: Connect to ipv4#127.0.0.1:9092 failed: Connection refused (after 0ms in state CONNECT, 1 identical error(s) suppressed)
%3|1767617223.000|FAIL|rdkafka#producer-1| [thrd:127.0.0.1:9092/0]: 127.0.0.1:9092/0: Connect to ipv4#127.0.0.1:9092 failed: Connection refused (after 0ms in state CONNECT, 1 identical error(s) suppressed)
%3|1767617251.005|FAIL|rdkafka#producer-1| [thrd:localhost:9092/bootstrap]: localhost:9092/bootstrap: Connect to ipv4#127.0.0.1:9092 failed: Connection refused (after 0ms in state CONNECT, 19 identical error(s) suppressed)
%3|1767617254.006|FAIL|rdkafka#producer-1| [thrd:127.0.0.1:9092/0]: 127.0.0.1:9092/0: Connect to ipv4#127.0.0.1:9092 failed: Connection refused (after 0ms in state CONNECT, 11 identical error(s) suppressed)
%3|1767617281.011|FAIL|rdkafka#producer-1| [thrd:localhost:9092/bootstrap]: localhost:9092/bootstrap: Connect to ipv4#127.0.0.1:9092 failed: Connection refused (after 0ms in state CONNECT, 21 identical error(s) suppressed)
%3|1767617284.012|FAIL|rdkafka#producer-1| [thrd:127.0.0.1:9092/0]: 127.0.0.1:9092/0: Connect to ipv4#127.0.0.1:9092 failed: Connection refused (after 0ms in state CONNECT, 10 identical error(s) suppressed)
%3|1767617311.018|FAIL|rdkafka#producer-1| [thrd:localhost:9092/bootstrap]: localhost:9092/bootstrap: Connect to ipv4#127.0.0.1:9092 failed: Connection refused (after 0ms in state CONNECT, 20 identical error(s) suppressed)
%3|1767617314.018|FAIL|rdkafka#producer-1| [thrd:127.0.0.1:9092/0]: 127.0.0.1:9092/0: Connect to ipv4#127.0.0.1:9092 failed: Connection refused (after 0ms in state CONNECT, 9 identical error(s) suppressed)
%3|1767617343.024|FAIL|rdkafka#producer-1| [thrd:localhost:9092/bootstrap]: localhost:9092/bootstrap: Connect to ipv4#127.0.0.1:9092 failed: Connection refused (after 0ms in state CONNECT, 19 identical error(s) suppressed)
%3|1767617344.024|FAIL|rdkafka#producer-1| [thrd:127.0.0.1:9092/0]: 127.0.0.1:9092/0: Connect to ipv4#127.0.0.1:9092 failed: Connection refused (after 0ms in state CONNECT, 13 identical error(s) suppressed)
%3|1767617374.030|FAIL|rdkafka#producer-1| [thrd:127.0.0.1:9092/0]: 127.0.0.1:9092/0: Connect to ipv4#127.0.0.1:9092 failed: Connection refused (after 0ms in state CONNECT, 23 identical error(s) suppressed)
%3|1767617375.030|FAIL|rdkafka#producer-1| [thrd:localhost:9092/bootstrap]: localhost:9092/bootstrap: Connect to ipv4#127.0.0.1:9092 failed: Connection refused (after 0ms in state CONNECT, 9 identical error(s) suppressed)
Batch complete. Waiting 10 minutes for next FMI update...
Message delivered to weather_data [0]
Message delivered to weather_data [0]
Message delivered to weather_data [0]
Message delivered to weather_data [0]
Message delivered to weather_data [0]
Batch complete. Waiting 10 minutes for next FMI update...
Message delivered to weather_data [0]
Message delivered to weather_data [0]
Message delivered to weather_data [0]
Message delivered to weather_data [0]
Message delivered to weather_data [0]
Batch complete. Waiting 10 minutes for next FMI update...
Message delivered to weather_data [0]
Message delivered to weather_data [0]
Message delivered to weather_data [0]
Message delivered to weather_data [0]
Message delivered to weather_data [0]
Batch complete. Waiting 10 minutes for next FMI update...
Message delivered to weather_data [0]
Message delivered to weather_data [0]
Message delivered to weather_data [0]
Message delivered to weather_data [0]
Message delivered to weather_data [0]
Batch complete. Waiting 10 minutes for next FMI update...
Message delivered to weather_data [0]
Message delivered to weather_data [0]
Message delivered to weather_data [0]
Message delivered to weather_data [0]
Message delivered to weather_data [0]
Batch complete. Waiting 10 minutes for next FMI update...
Message delivered to weather_data [0]
Message delivered to weather_data [0]
Message delivered to weather_data [0]
Message delivered to weather_data [0]
Message delivered to weather_data [0]
Batch complete. Waiting 10 minutes for next FMI update...
Message delivered to weather_data [0]
Message delivered to weather_data [0]
Message delivered to weather_data [0]
Message delivered to weather_data [0]
Message delivered to weather_data [0]
Batch complete. Waiting 10 minutes for next FMI update...
Message delivered to weather_data [0]
Message delivered to weather_data [0]
Message delivered to weather_data [0]
Message delivered to weather_data [0]
Message delivered to weather_data [0]
Batch complete. Waiting 10 minutes for next FMI update...
Message delivered to weather_data [0]
Message delivered to weather_data [0]
Message delivered to weather_data [0]
Message delivered to weather_data [0]
Message delivered to weather_data [0]
Batch complete. Waiting 10 minutes for next FMI update...
Message delivered to weather_data [0]
Message delivered to weather_data [0]
Message delivered to weather_data [0]
Message delivered to weather_data [0]
Message delivered to weather_data [0]
Batch complete. Waiting 10 minutes for next FMI update...
Message delivered to weather_data [0]
Message delivered to weather_data [0]
Message delivered to weather_data [0]
Message delivered to weather_data [0]
Message delivered to weather_data [0]
Batch complete. Waiting 10 minutes for next FMI update...
Message delivered to weather_data [0]
Message delivered to weather_data [0]
Message delivered to weather_data [0]
Message delivered to weather_data [0]
Message delivered to weather_data [0]
Batch complete. Waiting 10 minutes for next FMI update...
Message delivered to weather_data [0]
Message delivered to weather_data [0]
Message delivered to weather_data [0]
Message delivered to weather_data [0]
Message delivered to weather_data [0]
Batch complete. Waiting 10 minutes for next FMI update...
Message delivered to weather_data [0]
Message delivered to weather_data [0]
Message delivered to weather_data [0]
Message delivered to weather_data [0]
Message delivered to weather_data [0]
Batch complete. Waiting 10 minutes for next FMI update...
Message delivered to weather_data [0]
Message delivered to weather_data [0]
Message delivered to weather_data [0]
Message delivered to weather_data [0]
Message delivered to weather_data [0]
Batch complete. Waiting 10 minutes for next FMI update...
Message delivered to weather_data [0]
Message delivered to weather_data [0]
Message delivered to weather_data [0]
Message delivered to weather_data [0]
Message delivered to weather_data [0]
Batch complete. Waiting 10 minutes for next FMI update...
Message delivered to weather_data [0]
Message delivered to weather_data [0]
Message delivered to weather_data [0]
Message delivered to weather_data [0]
Message delivered to weather_data [0]
Batch complete. Waiting 10 minutes for next FMI update...
Error fetching station 101185: 
Message delivered to weather_data [0]
Message delivered to weather_data [0]
Message delivered to weather_data [0]
Message delivered to weather_data [0]
Batch complete. Waiting 10 minutes for next FMI update...
Error fetching station 101185: 
Message delivered to weather_data [0]
Message delivered to weather_data [0]
Message delivered to weather_data [0]
Message delivered to weather_data [0]
Batch complete. Waiting 10 minutes for next FMI update...
Error fetching station 101185: 
Message delivered to weather_data [0]
Message delivered to weather_data [0]
Message delivered to weather_data [0]
Message delivered to weather_data [0]
Batch complete. Waiting 10 minutes for next FMI update...
Message delivered to weather_data [0]
Message delivered to weather_data [0]
Message delivered to weather_data [0]
Message delivered to weather_data [0]
Message delivered to weather_data [0]
Batch complete. Waiting 10 minutes for next FMI update...
Message delivered to weather_data [0]
Message delivered to weather_data [0]
Message delivered to weather_data [0]
Message delivered to weather_data [0]
Message delivered to weather_data [0]
Batch complete. Waiting 10 minutes for next FMI update...
Message delivered to weather_data [0]
Message delivered to weather_data [0]
Message delivered to weather_data [0]
Message delivered to weather_data [0]
Message delivered to weather_data [0]
Batch complete. Waiting 10 minutes for next FMI update...
Message delivered to weather_data [0]
Message delivered to weather_data [0]
Message delivered to weather_data [0]
Message delivered to weather_data [0]
Message delivered to weather_data [0]
Batch complete. Waiting 10 minutes for next FMI update...
Message delivered to weather_data [0]
Message delivered to weather_data [0]
Message delivered to weather_data [0]
Message delivered to weather_data [0]
Message delivered to weather_data [0]
Batch complete. Waiting 10 minutes for next FMI update...
Message delivered to weather_data [0]
Message delivered to weather_data [0]
Message delivered to weather_data [0]
Message delivered to weather_data [0]
Message delivered to weather_data [0]
Batch complete. Waiting 10 minutes for next FMI update...
Message delivered to weather_data [0]
Message delivered to weather_data [0]
Message delivered to weather_data [0]
Message delivered to weather_data [0]
Message delivered to weather_data [0]
Batch complete. Waiting 10 minutes for next FMI update...
Message delivered to weather_data [0]
Message delivered to weather_data [0]
Message delivered to weather_data [0]
Message delivered to weather_data [0]
Message delivered to weather_data [0]
Batch complete. Waiting 10 minutes for next FMI update...
Message delivered to weather_data [0]
Message delivered to weather_data [0]
Message delivered to weather_data [0]
Message delivered to weather_data [0]
Message delivered to weather_data [0]
Batch complete. Waiting 10 minutes for next FMI update...
Message delivered to weather_data [0]
Message delivered to weather_data [0]
Message delivered to weather_data [0]
Message delivered to weather_data [0]
Message delivered to weather_data [0]
Batch complete. Waiting 10 minutes for next FMI update...
Message delivered to weather_data [0]
Message delivered to weather_data [0]
Message delivered to weather_data [0]
Message delivered to weather_data [0]
Message delivered to weather_data [0]
Batch complete. Waiting 10 minutes for next FMI update...
Message delivered to weather_data [0]
Message delivered to weather_data [0]
Message delivered to weather_data [0]
Message delivered to weather_data [0]
Message delivered to weather_data [0]
Batch complete. Waiting 10 minutes for next FMI update...
Message delivered to weather_data [0]
Message delivered to weather_data [0]
Message delivered to weather_data [0]
Message delivered to weather_data [0]
Message delivered to weather_data [0]
