[2m2026-01-05T19:14:19.426913Z[0m [[32m[1minfo     [0m] [1mStarting log server on http://[::]:8793[0m [[0m[1m[34mairflow.utils.serve_logs.core[0m][0m [36mloc[0m=[35mcore.py:50[0m
WARNING:  ASGI app factory detected. Using it, but please consider setting the --factory flag explicitly.
INFO:     Started server process [158788]
INFO:     Waiting for application startup.
INFO:     Application startup complete.
ERROR:    [Errno 98] error while attempting to bind on address ('0.0.0.0', 8793): address already in use
INFO:     Waiting for application shutdown.
INFO:     Application shutdown complete.
[2m2026-01-05T19:14:19.602990Z[0m [[32m[1minfo     [0m] [1mLoaded executor: :LocalExecutor:[0m [[0m[1m[34mairflow.executors.executor_loader[0m][0m [36mloc[0m=[35mexecutor_loader.py:281[0m
[2m2026-01-05T19:14:19.612736Z[0m [[32m[1minfo     [0m] [1mWorker starting up pid=158798 [0m [[0m[1m[34mairflow.executors.local_executor.LocalExecutor[0m][0m [36mloc[0m=[35mlocal_executor.py:65[0m
[2m2026-01-05T19:14:19.616507Z[0m [[32m[1minfo     [0m] [1mWorker starting up pid=158799 [0m [[0m[1m[34mairflow.executors.local_executor.LocalExecutor[0m][0m [36mloc[0m=[35mlocal_executor.py:65[0m
[2m2026-01-05T19:14:19.619944Z[0m [[32m[1minfo     [0m] [1mWorker starting up pid=158800 [0m [[0m[1m[34mairflow.executors.local_executor.LocalExecutor[0m][0m [36mloc[0m=[35mlocal_executor.py:65[0m
[2m2026-01-05T19:14:19.622706Z[0m [[32m[1minfo     [0m] [1mWorker starting up pid=158801 [0m [[0m[1m[34mairflow.executors.local_executor.LocalExecutor[0m][0m [36mloc[0m=[35mlocal_executor.py:65[0m
[2m2026-01-05T19:14:19.625288Z[0m [[32m[1minfo     [0m] [1mWorker starting up pid=158802 [0m [[0m[1m[34mairflow.executors.local_executor.LocalExecutor[0m][0m [36mloc[0m=[35mlocal_executor.py:65[0m
[2m2026-01-05T19:14:19.627850Z[0m [[32m[1minfo     [0m] [1mWorker starting up pid=158803 [0m [[0m[1m[34mairflow.executors.local_executor.LocalExecutor[0m][0m [36mloc[0m=[35mlocal_executor.py:65[0m
[2m2026-01-05T19:14:19.630495Z[0m [[32m[1minfo     [0m] [1mWorker starting up pid=158804 [0m [[0m[1m[34mairflow.executors.local_executor.LocalExecutor[0m][0m [36mloc[0m=[35mlocal_executor.py:65[0m
[2m2026-01-05T19:14:19.632934Z[0m [[32m[1minfo     [0m] [1mWorker starting up pid=158805 [0m [[0m[1m[34mairflow.executors.local_executor.LocalExecutor[0m][0m [36mloc[0m=[35mlocal_executor.py:65[0m
[2m2026-01-05T19:14:19.635549Z[0m [[32m[1minfo     [0m] [1mWorker starting up pid=158806 [0m [[0m[1m[34mairflow.executors.local_executor.LocalExecutor[0m][0m [36mloc[0m=[35mlocal_executor.py:65[0m
[2m2026-01-05T19:14:19.638138Z[0m [[32m[1minfo     [0m] [1mWorker starting up pid=158807 [0m [[0m[1m[34mairflow.executors.local_executor.LocalExecutor[0m][0m [36mloc[0m=[35mlocal_executor.py:65[0m
[2m2026-01-05T19:14:19.643476Z[0m [[32m[1minfo     [0m] [1mWorker starting up pid=158808 [0m [[0m[1m[34mairflow.executors.local_executor.LocalExecutor[0m][0m [36mloc[0m=[35mlocal_executor.py:65[0m
[2m2026-01-05T19:14:19.643655Z[0m [[32m[1minfo     [0m] [1mWorker starting up pid=158809 [0m [[0m[1m[34mairflow.executors.local_executor.LocalExecutor[0m][0m [36mloc[0m=[35mlocal_executor.py:65[0m
[2m2026-01-05T19:14:19.651968Z[0m [[32m[1minfo     [0m] [1mWorker starting up pid=158810 [0m [[0m[1m[34mairflow.executors.local_executor.LocalExecutor[0m][0m [36mloc[0m=[35mlocal_executor.py:65[0m
[2m2026-01-05T19:14:19.654405Z[0m [[32m[1minfo     [0m] [1mWorker starting up pid=158811 [0m [[0m[1m[34mairflow.executors.local_executor.LocalExecutor[0m][0m [36mloc[0m=[35mlocal_executor.py:65[0m
[2m2026-01-05T19:14:19.662051Z[0m [[32m[1minfo     [0m] [1mWorker starting up pid=158812 [0m [[0m[1m[34mairflow.executors.local_executor.LocalExecutor[0m][0m [36mloc[0m=[35mlocal_executor.py:65[0m
[2m2026-01-05T19:14:19.662583Z[0m [[32m[1minfo     [0m] [1mWorker starting up pid=158813 [0m [[0m[1m[34mairflow.executors.local_executor.LocalExecutor[0m][0m [36mloc[0m=[35mlocal_executor.py:65[0m
[2m2026-01-05T19:14:19.670385Z[0m [[32m[1minfo     [0m] [1mWorker starting up pid=158815 [0m [[0m[1m[34mairflow.executors.local_executor.LocalExecutor[0m][0m [36mloc[0m=[35mlocal_executor.py:65[0m
[2m2026-01-05T19:14:19.673853Z[0m [[32m[1minfo     [0m] [1mWorker starting up pid=158814 [0m [[0m[1m[34mairflow.executors.local_executor.LocalExecutor[0m][0m [36mloc[0m=[35mlocal_executor.py:65[0m
[2m2026-01-05T19:14:19.678387Z[0m [[32m[1minfo     [0m] [1mWorker starting up pid=158816 [0m [[0m[1m[34mairflow.executors.local_executor.LocalExecutor[0m][0m [36mloc[0m=[35mlocal_executor.py:65[0m
[2m2026-01-05T19:14:19.678467Z[0m [[32m[1minfo     [0m] [1mWorker starting up pid=158817 [0m [[0m[1m[34mairflow.executors.local_executor.LocalExecutor[0m][0m [36mloc[0m=[35mlocal_executor.py:65[0m
[2m2026-01-05T19:14:19.683888Z[0m [[32m[1minfo     [0m] [1mWorker starting up pid=158818 [0m [[0m[1m[34mairflow.executors.local_executor.LocalExecutor[0m][0m [36mloc[0m=[35mlocal_executor.py:65[0m
[2m2026-01-05T19:14:19.686711Z[0m [[32m[1minfo     [0m] [1mWorker starting up pid=158819 [0m [[0m[1m[34mairflow.executors.local_executor.LocalExecutor[0m][0m [36mloc[0m=[35mlocal_executor.py:65[0m
[2m2026-01-05T19:14:19.689537Z[0m [[32m[1minfo     [0m] [1mWorker starting up pid=158820 [0m [[0m[1m[34mairflow.executors.local_executor.LocalExecutor[0m][0m [36mloc[0m=[35mlocal_executor.py:65[0m
[2m2026-01-05T19:14:19.692540Z[0m [[32m[1minfo     [0m] [1mWorker starting up pid=158821 [0m [[0m[1m[34mairflow.executors.local_executor.LocalExecutor[0m][0m [36mloc[0m=[35mlocal_executor.py:65[0m
[2m2026-01-05T19:14:19.701640Z[0m [[32m[1minfo     [0m] [1mWorker starting up pid=158822 [0m [[0m[1m[34mairflow.executors.local_executor.LocalExecutor[0m][0m [36mloc[0m=[35mlocal_executor.py:65[0m
[2m2026-01-05T19:14:19.704306Z[0m [[32m[1minfo     [0m] [1mWorker starting up pid=158823 [0m [[0m[1m[34mairflow.executors.local_executor.LocalExecutor[0m][0m [36mloc[0m=[35mlocal_executor.py:65[0m
[2m2026-01-05T19:14:19.707175Z[0m [[32m[1minfo     [0m] [1mWorker starting up pid=158824 [0m [[0m[1m[34mairflow.executors.local_executor.LocalExecutor[0m][0m [36mloc[0m=[35mlocal_executor.py:65[0m
[2m2026-01-05T19:14:19.709939Z[0m [[32m[1minfo     [0m] [1mWorker starting up pid=158825 [0m [[0m[1m[34mairflow.executors.local_executor.LocalExecutor[0m][0m [36mloc[0m=[35mlocal_executor.py:65[0m
[2m2026-01-05T19:14:19.712795Z[0m [[32m[1minfo     [0m] [1mWorker starting up pid=158826 [0m [[0m[1m[34mairflow.executors.local_executor.LocalExecutor[0m][0m [36mloc[0m=[35mlocal_executor.py:65[0m
[2m2026-01-05T19:14:19.716021Z[0m [[32m[1minfo     [0m] [1mWorker starting up pid=158827 [0m [[0m[1m[34mairflow.executors.local_executor.LocalExecutor[0m][0m [36mloc[0m=[35mlocal_executor.py:65[0m
[2m2026-01-05T19:14:19.718296Z[0m [[32m[1minfo     [0m] [1mWorker starting up pid=158828 [0m [[0m[1m[34mairflow.executors.local_executor.LocalExecutor[0m][0m [36mloc[0m=[35mlocal_executor.py:65[0m
[2m2026-01-05T19:14:19.720897Z[0m [[32m[1minfo     [0m] [1mWorker starting up pid=158829 [0m [[0m[1m[34mairflow.executors.local_executor.LocalExecutor[0m][0m [36mloc[0m=[35mlocal_executor.py:65[0m
[2m2026-01-05T19:20:02.035498Z[0m [[32m[1minfo     [0m] [1mSetting next_dagrun for weather_deduplication to 2026-01-05 19:30:00+00:00, run_after=2026-01-05 19:30:00+00:00[0m [[0m[1m[34mairflow.models.dag[0m][0m [36mloc[0m=[35mdag.py:693[0m
[1;33m/home/ubuntu/fmi_weather_project/venv/lib/python3.12/site-packages/airflow/sdk/execution_time/[0m[1;33msupervisor.py[0m[1;33m:[0m[1;33m477[0m[1;33m DeprecationWarning[0m[33m: This process [0m[1;33m([0m[33mpid[0m[33m=[0m[1;33m158798[0m[1;33m)[0m[33m is multi-threaded, use of [0m[1;33mfork[0m[1;33m([0m[1;33m)[0m[33m may lead to deadlocks in the child.[0m
[2m2026-01-05T19:20:08.140537Z[0m [[32m[1minfo     [0m] [1mSetting next_dagrun for weather_deduplication to 2026-01-05 19:30:00+00:00, run_after=2026-01-05 19:30:00+00:00[0m [[0m[1m[34mairflow.models.dag[0m][0m [36mloc[0m=[35mdag.py:693[0m
[2m2026-01-05T19:30:01.675531Z[0m [[32m[1minfo     [0m] [1mSetting next_dagrun for weather_deduplication to 2026-01-05 19:40:00+00:00, run_after=2026-01-05 19:40:00+00:00[0m [[0m[1m[34mairflow.models.dag[0m][0m [36mloc[0m=[35mdag.py:693[0m
[1;33m/home/ubuntu/fmi_weather_project/venv/lib/python3.12/site-packages/airflow/sdk/execution_time/[0m[1;33msupervisor.py[0m[1;33m:[0m[1;33m477[0m[1;33m DeprecationWarning[0m[33m: This process [0m[1;33m([0m[33mpid[0m[33m=[0m[1;33m158799[0m[1;33m)[0m[33m is multi-threaded, use of [0m[1;33mfork[0m[1;33m([0m[1;33m)[0m[33m may lead to deadlocks in the child.[0m
[2m2026-01-05T19:30:07.088396Z[0m [[32m[1minfo     [0m] [1mSetting next_dagrun for weather_deduplication to 2026-01-05 19:40:00+00:00, run_after=2026-01-05 19:40:00+00:00[0m [[0m[1m[34mairflow.models.dag[0m][0m [36mloc[0m=[35mdag.py:693[0m
[2m2026-01-05T19:40:01.146596Z[0m [[32m[1minfo     [0m] [1mSetting next_dagrun for weather_deduplication to 2026-01-05 19:50:00+00:00, run_after=2026-01-05 19:50:00+00:00[0m [[0m[1m[34mairflow.models.dag[0m][0m [36mloc[0m=[35mdag.py:693[0m
[1;33m/home/ubuntu/fmi_weather_project/venv/lib/python3.12/site-packages/airflow/sdk/execution_time/[0m[1;33msupervisor.py[0m[1;33m:[0m[1;33m477[0m[1;33m DeprecationWarning[0m[33m: This process [0m[1;33m([0m[33mpid[0m[33m=[0m[1;33m158800[0m[1;33m)[0m[33m is multi-threaded, use of [0m[1;33mfork[0m[1;33m([0m[1;33m)[0m[33m may lead to deadlocks in the child.[0m
[2m2026-01-05T19:40:07.305532Z[0m [[32m[1minfo     [0m] [1mSetting next_dagrun for weather_deduplication to 2026-01-05 19:50:00+00:00, run_after=2026-01-05 19:50:00+00:00[0m [[0m[1m[34mairflow.models.dag[0m][0m [36mloc[0m=[35mdag.py:693[0m
[2m2026-01-05T19:44:19.765668Z[0m [[32m[1minfo     [0m] [1mchecking for stale bundle versions locally[0m [[0m[1m[34mairflow.dag_processing.bundles.base[0m][0m [36mloc[0m=[35mbase.py:222[0m
[2m2026-01-05T19:50:01.580906Z[0m [[32m[1minfo     [0m] [1mSetting next_dagrun for weather_deduplication to 2026-01-05 20:00:00+00:00, run_after=2026-01-05 20:00:00+00:00[0m [[0m[1m[34mairflow.models.dag[0m][0m [36mloc[0m=[35mdag.py:693[0m
[1;33m/home/ubuntu/fmi_weather_project/venv/lib/python3.12/site-packages/airflow/sdk/execution_time/[0m[1;33msupervisor.py[0m[1;33m:[0m[1;33m477[0m[1;33m DeprecationWarning[0m[33m: This process [0m[1;33m([0m[33mpid[0m[33m=[0m[1;33m158801[0m[1;33m)[0m[33m is multi-threaded, use of [0m[1;33mfork[0m[1;33m([0m[1;33m)[0m[33m may lead to deadlocks in the child.[0m
[2m2026-01-05T19:50:07.604710Z[0m [[32m[1minfo     [0m] [1mSetting next_dagrun for weather_deduplication to 2026-01-05 20:00:00+00:00, run_after=2026-01-05 20:00:00+00:00[0m [[0m[1m[34mairflow.models.dag[0m][0m [36mloc[0m=[35mdag.py:693[0m
[2m2026-01-05T20:00:01.288555Z[0m [[32m[1minfo     [0m] [1mSetting next_dagrun for weather_deduplication to 2026-01-05 20:10:00+00:00, run_after=2026-01-05 20:10:00+00:00[0m [[0m[1m[34mairflow.models.dag[0m][0m [36mloc[0m=[35mdag.py:693[0m
[1;33m/home/ubuntu/fmi_weather_project/venv/lib/python3.12/site-packages/airflow/sdk/execution_time/[0m[1;33msupervisor.py[0m[1;33m:[0m[1;33m477[0m[1;33m DeprecationWarning[0m[33m: This process [0m[1;33m([0m[33mpid[0m[33m=[0m[1;33m158802[0m[1;33m)[0m[33m is multi-threaded, use of [0m[1;33mfork[0m[1;33m([0m[1;33m)[0m[33m may lead to deadlocks in the child.[0m
[2m2026-01-05T20:00:06.994870Z[0m [[32m[1minfo     [0m] [1mSetting next_dagrun for weather_deduplication to 2026-01-05 20:10:00+00:00, run_after=2026-01-05 20:10:00+00:00[0m [[0m[1m[34mairflow.models.dag[0m][0m [36mloc[0m=[35mdag.py:693[0m
[2m2026-01-05T20:10:01.075429Z[0m [[32m[1minfo     [0m] [1mSetting next_dagrun for weather_deduplication to 2026-01-05 20:20:00+00:00, run_after=2026-01-05 20:20:00+00:00[0m [[0m[1m[34mairflow.models.dag[0m][0m [36mloc[0m=[35mdag.py:693[0m
[1;33m/home/ubuntu/fmi_weather_project/venv/lib/python3.12/site-packages/airflow/sdk/execution_time/[0m[1;33msupervisor.py[0m[1;33m:[0m[1;33m477[0m[1;33m DeprecationWarning[0m[33m: This process [0m[1;33m([0m[33mpid[0m[33m=[0m[1;33m158803[0m[1;33m)[0m[33m is multi-threaded, use of [0m[1;33mfork[0m[1;33m([0m[1;33m)[0m[33m may lead to deadlocks in the child.[0m
[2m2026-01-05T20:10:06.455034Z[0m [[32m[1minfo     [0m] [1mSetting next_dagrun for weather_deduplication to 2026-01-05 20:20:00+00:00, run_after=2026-01-05 20:20:00+00:00[0m [[0m[1m[34mairflow.models.dag[0m][0m [36mloc[0m=[35mdag.py:693[0m
[2m2026-01-05T20:14:19.785790Z[0m [[32m[1minfo     [0m] [1mchecking for stale bundle versions locally[0m [[0m[1m[34mairflow.dag_processing.bundles.base[0m][0m [36mloc[0m=[35mbase.py:222[0m
[2m2026-01-05T20:20:01.226827Z[0m [[32m[1minfo     [0m] [1mSetting next_dagrun for weather_deduplication to 2026-01-05 20:30:00+00:00, run_after=2026-01-05 20:30:00+00:00[0m [[0m[1m[34mairflow.models.dag[0m][0m [36mloc[0m=[35mdag.py:693[0m
[1;33m/home/ubuntu/fmi_weather_project/venv/lib/python3.12/site-packages/airflow/sdk/execution_time/[0m[1;33msupervisor.py[0m[1;33m:[0m[1;33m477[0m[1;33m DeprecationWarning[0m[33m: This process [0m[1;33m([0m[33mpid[0m[33m=[0m[1;33m158804[0m[1;33m)[0m[33m is multi-threaded, use of [0m[1;33mfork[0m[1;33m([0m[1;33m)[0m[33m may lead to deadlocks in the child.[0m
[2m2026-01-05T20:20:06.708945Z[0m [[32m[1minfo     [0m] [1mSetting next_dagrun for weather_deduplication to 2026-01-05 20:30:00+00:00, run_after=2026-01-05 20:30:00+00:00[0m [[0m[1m[34mairflow.models.dag[0m][0m [36mloc[0m=[35mdag.py:693[0m
[2m2026-01-05T20:30:01.307980Z[0m [[32m[1minfo     [0m] [1mSetting next_dagrun for weather_deduplication to 2026-01-05 20:40:00+00:00, run_after=2026-01-05 20:40:00+00:00[0m [[0m[1m[34mairflow.models.dag[0m][0m [36mloc[0m=[35mdag.py:693[0m
[1;33m/home/ubuntu/fmi_weather_project/venv/lib/python3.12/site-packages/airflow/sdk/execution_time/[0m[1;33msupervisor.py[0m[1;33m:[0m[1;33m477[0m[1;33m DeprecationWarning[0m[33m: This process [0m[1;33m([0m[33mpid[0m[33m=[0m[1;33m158805[0m[1;33m)[0m[33m is multi-threaded, use of [0m[1;33mfork[0m[1;33m([0m[1;33m)[0m[33m may lead to deadlocks in the child.[0m
[2m2026-01-05T20:30:10.861664Z[0m [[32m[1minfo     [0m] [1mSetting next_dagrun for weather_deduplication to 2026-01-05 20:40:00+00:00, run_after=2026-01-05 20:40:00+00:00[0m [[0m[1m[34mairflow.models.dag[0m][0m [36mloc[0m=[35mdag.py:693[0m
[2m2026-01-05T20:40:01.981031Z[0m [[32m[1minfo     [0m] [1mSetting next_dagrun for weather_deduplication to 2026-01-05 20:50:00+00:00, run_after=2026-01-05 20:50:00+00:00[0m [[0m[1m[34mairflow.models.dag[0m][0m [36mloc[0m=[35mdag.py:693[0m
[1;33m/home/ubuntu/fmi_weather_project/venv/lib/python3.12/site-packages/airflow/sdk/execution_time/[0m[1;33msupervisor.py[0m[1;33m:[0m[1;33m477[0m[1;33m DeprecationWarning[0m[33m: This process [0m[1;33m([0m[33mpid[0m[33m=[0m[1;33m158806[0m[1;33m)[0m[33m is multi-threaded, use of [0m[1;33mfork[0m[1;33m([0m[1;33m)[0m[33m may lead to deadlocks in the child.[0m
[2m2026-01-05T20:40:06.939698Z[0m [[32m[1minfo     [0m] [1mSetting next_dagrun for weather_deduplication to 2026-01-05 20:50:00+00:00, run_after=2026-01-05 20:50:00+00:00[0m [[0m[1m[34mairflow.models.dag[0m][0m [36mloc[0m=[35mdag.py:693[0m
[2m2026-01-05T20:44:19.824577Z[0m [[32m[1minfo     [0m] [1mchecking for stale bundle versions locally[0m [[0m[1m[34mairflow.dag_processing.bundles.base[0m][0m [36mloc[0m=[35mbase.py:222[0m
[2m2026-01-05T20:50:01.463946Z[0m [[32m[1minfo     [0m] [1mSetting next_dagrun for weather_deduplication to 2026-01-05 21:00:00+00:00, run_after=2026-01-05 21:00:00+00:00[0m [[0m[1m[34mairflow.models.dag[0m][0m [36mloc[0m=[35mdag.py:693[0m
[1;33m/home/ubuntu/fmi_weather_project/venv/lib/python3.12/site-packages/airflow/sdk/execution_time/[0m[1;33msupervisor.py[0m[1;33m:[0m[1;33m477[0m[1;33m DeprecationWarning[0m[33m: This process [0m[1;33m([0m[33mpid[0m[33m=[0m[1;33m158807[0m[1;33m)[0m[33m is multi-threaded, use of [0m[1;33mfork[0m[1;33m([0m[1;33m)[0m[33m may lead to deadlocks in the child.[0m
[2m2026-01-05T20:50:09.370895Z[0m [[32m[1minfo     [0m] [1mSetting next_dagrun for weather_deduplication to 2026-01-05 21:00:00+00:00, run_after=2026-01-05 21:00:00+00:00[0m [[0m[1m[34mairflow.models.dag[0m][0m [36mloc[0m=[35mdag.py:693[0m
[2m2026-01-05T21:00:01.652743Z[0m [[32m[1minfo     [0m] [1mSetting next_dagrun for weather_deduplication to 2026-01-05 21:10:00+00:00, run_after=2026-01-05 21:10:00+00:00[0m [[0m[1m[34mairflow.models.dag[0m][0m [36mloc[0m=[35mdag.py:693[0m
[1;33m/home/ubuntu/fmi_weather_project/venv/lib/python3.12/site-packages/airflow/sdk/execution_time/[0m[1;33msupervisor.py[0m[1;33m:[0m[1;33m477[0m[1;33m DeprecationWarning[0m[33m: This process [0m[1;33m([0m[33mpid[0m[33m=[0m[1;33m158808[0m[1;33m)[0m[33m is multi-threaded, use of [0m[1;33mfork[0m[1;33m([0m[1;33m)[0m[33m may lead to deadlocks in the child.[0m
[2m2026-01-05T21:00:08.017294Z[0m [[32m[1minfo     [0m] [1mSetting next_dagrun for weather_deduplication to 2026-01-05 21:10:00+00:00, run_after=2026-01-05 21:10:00+00:00[0m [[0m[1m[34mairflow.models.dag[0m][0m [36mloc[0m=[35mdag.py:693[0m
[2m2026-01-05T21:10:01.323792Z[0m [[32m[1minfo     [0m] [1mSetting next_dagrun for weather_deduplication to 2026-01-05 21:20:00+00:00, run_after=2026-01-05 21:20:00+00:00[0m [[0m[1m[34mairflow.models.dag[0m][0m [36mloc[0m=[35mdag.py:693[0m
[1;33m/home/ubuntu/fmi_weather_project/venv/lib/python3.12/site-packages/airflow/sdk/execution_time/[0m[1;33msupervisor.py[0m[1;33m:[0m[1;33m477[0m[1;33m DeprecationWarning[0m[33m: This process [0m[1;33m([0m[33mpid[0m[33m=[0m[1;33m158809[0m[1;33m)[0m[33m is multi-threaded, use of [0m[1;33mfork[0m[1;33m([0m[1;33m)[0m[33m may lead to deadlocks in the child.[0m
[2m2026-01-05T21:10:14.270243Z[0m [[32m[1minfo     [0m] [1mSetting next_dagrun for weather_deduplication to 2026-01-05 21:20:00+00:00, run_after=2026-01-05 21:20:00+00:00[0m [[0m[1m[34mairflow.models.dag[0m][0m [36mloc[0m=[35mdag.py:693[0m
[2m2026-01-05T21:14:19.843305Z[0m [[32m[1minfo     [0m] [1mchecking for stale bundle versions locally[0m [[0m[1m[34mairflow.dag_processing.bundles.base[0m][0m [36mloc[0m=[35mbase.py:222[0m
[2m2026-01-05T21:20:01.527592Z[0m [[32m[1minfo     [0m] [1mSetting next_dagrun for weather_deduplication to 2026-01-05 21:30:00+00:00, run_after=2026-01-05 21:30:00+00:00[0m [[0m[1m[34mairflow.models.dag[0m][0m [36mloc[0m=[35mdag.py:693[0m
[1;33m/home/ubuntu/fmi_weather_project/venv/lib/python3.12/site-packages/airflow/sdk/execution_time/[0m[1;33msupervisor.py[0m[1;33m:[0m[1;33m477[0m[1;33m DeprecationWarning[0m[33m: This process [0m[1;33m([0m[33mpid[0m[33m=[0m[1;33m158810[0m[1;33m)[0m[33m is multi-threaded, use of [0m[1;33mfork[0m[1;33m([0m[1;33m)[0m[33m may lead to deadlocks in the child.[0m
[2m2026-01-05T21:20:07.826680Z[0m [[32m[1minfo     [0m] [1mSetting next_dagrun for weather_deduplication to 2026-01-05 21:30:00+00:00, run_after=2026-01-05 21:30:00+00:00[0m [[0m[1m[34mairflow.models.dag[0m][0m [36mloc[0m=[35mdag.py:693[0m
[2m2026-01-05T21:30:01.109246Z[0m [[32m[1minfo     [0m] [1mSetting next_dagrun for weather_deduplication to 2026-01-05 21:40:00+00:00, run_after=2026-01-05 21:40:00+00:00[0m [[0m[1m[34mairflow.models.dag[0m][0m [36mloc[0m=[35mdag.py:693[0m
[1;33m/home/ubuntu/fmi_weather_project/venv/lib/python3.12/site-packages/airflow/sdk/execution_time/[0m[1;33msupervisor.py[0m[1;33m:[0m[1;33m477[0m[1;33m DeprecationWarning[0m[33m: This process [0m[1;33m([0m[33mpid[0m[33m=[0m[1;33m158811[0m[1;33m)[0m[33m is multi-threaded, use of [0m[1;33mfork[0m[1;33m([0m[1;33m)[0m[33m may lead to deadlocks in the child.[0m
[2m2026-01-05T21:30:06.259007Z[0m [[32m[1minfo     [0m] [1mSetting next_dagrun for weather_deduplication to 2026-01-05 21:40:00+00:00, run_after=2026-01-05 21:40:00+00:00[0m [[0m[1m[34mairflow.models.dag[0m][0m [36mloc[0m=[35mdag.py:693[0m
[1;33m/home/ubuntu/fmi_weather_project/venv/lib/python3.12/site-packages/airflow/sdk/execution_time/[0m[1;33msupervisor.py[0m[1;33m:[0m[1;33m477[0m[1;33m DeprecationWarning[0m[33m: This process [0m[1;33m([0m[33mpid[0m[33m=[0m[1;33m158812[0m[1;33m)[0m[33m is multi-threaded, use of [0m[1;33mfork[0m[1;33m([0m[1;33m)[0m[33m may lead to deadlocks in the child.[0m
[2m2026-01-05T21:40:01.025454Z[0m [[32m[1minfo     [0m] [1mSetting next_dagrun for weather_deduplication to 2026-01-05 21:50:00+00:00, run_after=2026-01-05 21:50:00+00:00[0m [[0m[1m[34mairflow.models.dag[0m][0m [36mloc[0m=[35mdag.py:693[0m
[1;33m/home/ubuntu/fmi_weather_project/venv/lib/python3.12/site-packages/airflow/sdk/execution_time/[0m[1;33msupervisor.py[0m[1;33m:[0m[1;33m477[0m[1;33m DeprecationWarning[0m[33m: This process [0m[1;33m([0m[33mpid[0m[33m=[0m[1;33m158813[0m[1;33m)[0m[33m is multi-threaded, use of [0m[1;33mfork[0m[1;33m([0m[1;33m)[0m[33m may lead to deadlocks in the child.[0m
[2m2026-01-05T21:40:06.802546Z[0m [[32m[1minfo     [0m] [1mSetting next_dagrun for weather_deduplication to 2026-01-05 21:50:00+00:00, run_after=2026-01-05 21:50:00+00:00[0m [[0m[1m[34mairflow.models.dag[0m][0m [36mloc[0m=[35mdag.py:693[0m
[2m2026-01-05T21:44:19.872926Z[0m [[32m[1minfo     [0m] [1mchecking for stale bundle versions locally[0m [[0m[1m[34mairflow.dag_processing.bundles.base[0m][0m [36mloc[0m=[35mbase.py:222[0m
[2m2026-01-05T21:50:01.707216Z[0m [[32m[1minfo     [0m] [1mSetting next_dagrun for weather_deduplication to 2026-01-05 22:00:00+00:00, run_after=2026-01-05 22:00:00+00:00[0m [[0m[1m[34mairflow.models.dag[0m][0m [36mloc[0m=[35mdag.py:693[0m
[1;33m/home/ubuntu/fmi_weather_project/venv/lib/python3.12/site-packages/airflow/sdk/execution_time/[0m[1;33msupervisor.py[0m[1;33m:[0m[1;33m477[0m[1;33m DeprecationWarning[0m[33m: This process [0m[1;33m([0m[33mpid[0m[33m=[0m[1;33m158815[0m[1;33m)[0m[33m is multi-threaded, use of [0m[1;33mfork[0m[1;33m([0m[1;33m)[0m[33m may lead to deadlocks in the child.[0m
[2m2026-01-05T21:50:08.513770Z[0m [[32m[1minfo     [0m] [1mSetting next_dagrun for weather_deduplication to 2026-01-05 22:00:00+00:00, run_after=2026-01-05 22:00:00+00:00[0m [[0m[1m[34mairflow.models.dag[0m][0m [36mloc[0m=[35mdag.py:693[0m
[2m2026-01-05T22:00:01.112329Z[0m [[32m[1minfo     [0m] [1mSetting next_dagrun for weather_deduplication to 2026-01-05 22:10:00+00:00, run_after=2026-01-05 22:10:00+00:00[0m [[0m[1m[34mairflow.models.dag[0m][0m [36mloc[0m=[35mdag.py:693[0m
[1;33m/home/ubuntu/fmi_weather_project/venv/lib/python3.12/site-packages/airflow/sdk/execution_time/[0m[1;33msupervisor.py[0m[1;33m:[0m[1;33m477[0m[1;33m DeprecationWarning[0m[33m: This process [0m[1;33m([0m[33mpid[0m[33m=[0m[1;33m158814[0m[1;33m)[0m[33m is multi-threaded, use of [0m[1;33mfork[0m[1;33m([0m[1;33m)[0m[33m may lead to deadlocks in the child.[0m
[2m2026-01-05T22:00:06.936313Z[0m [[32m[1minfo     [0m] [1mSetting next_dagrun for weather_deduplication to 2026-01-05 22:10:00+00:00, run_after=2026-01-05 22:10:00+00:00[0m [[0m[1m[34mairflow.models.dag[0m][0m [36mloc[0m=[35mdag.py:693[0m
[2m2026-01-05T22:10:01.526026Z[0m [[32m[1minfo     [0m] [1mSetting next_dagrun for weather_deduplication to 2026-01-05 22:20:00+00:00, run_after=2026-01-05 22:20:00+00:00[0m [[0m[1m[34mairflow.models.dag[0m][0m [36mloc[0m=[35mdag.py:693[0m
[1;33m/home/ubuntu/fmi_weather_project/venv/lib/python3.12/site-packages/airflow/sdk/execution_time/[0m[1;33msupervisor.py[0m[1;33m:[0m[1;33m477[0m[1;33m DeprecationWarning[0m[33m: This process [0m[1;33m([0m[33mpid[0m[33m=[0m[1;33m158816[0m[1;33m)[0m[33m is multi-threaded, use of [0m[1;33mfork[0m[1;33m([0m[1;33m)[0m[33m may lead to deadlocks in the child.[0m
[2m2026-01-05T22:10:06.820557Z[0m [[32m[1minfo     [0m] [1mSetting next_dagrun for weather_deduplication to 2026-01-05 22:20:00+00:00, run_after=2026-01-05 22:20:00+00:00[0m [[0m[1m[34mairflow.models.dag[0m][0m [36mloc[0m=[35mdag.py:693[0m
[2m2026-01-05T22:14:19.900226Z[0m [[32m[1minfo     [0m] [1mchecking for stale bundle versions locally[0m [[0m[1m[34mairflow.dag_processing.bundles.base[0m][0m [36mloc[0m=[35mbase.py:222[0m
[2m2026-01-05T22:20:01.543627Z[0m [[32m[1minfo     [0m] [1mSetting next_dagrun for weather_deduplication to 2026-01-05 22:30:00+00:00, run_after=2026-01-05 22:30:00+00:00[0m [[0m[1m[34mairflow.models.dag[0m][0m [36mloc[0m=[35mdag.py:693[0m
[1;33m/home/ubuntu/fmi_weather_project/venv/lib/python3.12/site-packages/airflow/sdk/execution_time/[0m[1;33msupervisor.py[0m[1;33m:[0m[1;33m477[0m[1;33m DeprecationWarning[0m[33m: This process [0m[1;33m([0m[33mpid[0m[33m=[0m[1;33m158817[0m[1;33m)[0m[33m is multi-threaded, use of [0m[1;33mfork[0m[1;33m([0m[1;33m)[0m[33m may lead to deadlocks in the child.[0m
[2m2026-01-05T22:20:07.071195Z[0m [[32m[1minfo     [0m] [1mSetting next_dagrun for weather_deduplication to 2026-01-05 22:30:00+00:00, run_after=2026-01-05 22:30:00+00:00[0m [[0m[1m[34mairflow.models.dag[0m][0m [36mloc[0m=[35mdag.py:693[0m
